0 info it worked if it ends with ok
1 verbose cli [ '/usr/local/bin/node', '/usr/local/bin/npm', 'run', 'release' ]
2 info using npm@3.10.10
3 info using node@v6.10.2
4 verbose run-script [ 'prerelease', 'release', 'postrelease' ]
5 info lifecycle redux-firebase-user@0.0.0~prerelease: redux-firebase-user@0.0.0
6 silly lifecycle redux-firebase-user@0.0.0~prerelease: no script for prerelease, continuing
7 info lifecycle redux-firebase-user@0.0.0~release: redux-firebase-user@0.0.0
8 verbose lifecycle redux-firebase-user@0.0.0~release: unsafe-perm in lifecycle true
9 verbose lifecycle redux-firebase-user@0.0.0~release: PATH: /usr/local/lib/node_modules/npm/bin/node-gyp-bin:/Users/m.jung/Documents/relax/redux-firebase-user/node_modules/.bin:/usr/local/bin:/usr/bin:/bin:/usr/sbin:/sbin
10 verbose lifecycle redux-firebase-user@0.0.0~release: CWD: /Users/m.jung/Documents/relax/redux-firebase-user
11 silly lifecycle redux-firebase-user@0.0.0~release: Args: [ '-c', 'np' ]
12 silly lifecycle redux-firebase-user@0.0.0~release: Returned: code: 1  signal: null
13 info lifecycle redux-firebase-user@0.0.0~release: Failed to exec release script
14 verbose stack Error: redux-firebase-user@0.0.0 release: `np`
14 verbose stack Exit status 1
14 verbose stack     at EventEmitter.<anonymous> (/usr/local/lib/node_modules/npm/lib/utils/lifecycle.js:255:16)
14 verbose stack     at emitTwo (events.js:106:13)
14 verbose stack     at EventEmitter.emit (events.js:191:7)
14 verbose stack     at ChildProcess.<anonymous> (/usr/local/lib/node_modules/npm/lib/utils/spawn.js:40:14)
14 verbose stack     at emitTwo (events.js:106:13)
14 verbose stack     at ChildProcess.emit (events.js:191:7)
14 verbose stack     at maybeClose (internal/child_process.js:886:16)
14 verbose stack     at Process.ChildProcess._handle.onexit (internal/child_process.js:226:5)
15 verbose pkgid redux-firebase-user@0.0.0
16 verbose cwd /Users/m.jung/Documents/relax/redux-firebase-user
17 error Darwin 16.5.0
18 error argv "/usr/local/bin/node" "/usr/local/bin/npm" "run" "release"
19 error node v6.10.2
20 error npm  v3.10.10
21 error code ELIFECYCLE
22 error redux-firebase-user@0.0.0 release: `np`
22 error Exit status 1
23 error Failed at the redux-firebase-user@0.0.0 release script 'np'.
23 error Make sure you have the latest version of node.js and npm installed.
23 error If you do, this is most likely a problem with the redux-firebase-user package,
23 error not with npm itself.
23 error Tell the author that this fails on your system:
23 error     np
23 error You can get information on how to open an issue for this project with:
23 error     npm bugs redux-firebase-user
23 error Or if that isn't available, you can get their info via:
23 error     npm owner ls redux-firebase-user
23 error There is likely additional logging output above.
24 verbose exit [ 1, true ]
